2020-03-26 15:38:52.926  INFO 3346 --- [main] com.example.test.DemoApplication         : Starting DemoApplication on sslnoiMac-2.local with PID 3346 (/Users/ssl/Desktop/研修（仲村大貴）/test/target/classes started by ssl in /Users/ssl/Desktop/研修（仲村大貴）/test)
2020-03-26 15:38:52.973  INFO 3346 --- [main] com.example.test.DemoApplication         : No active profile set, falling back to default profiles: default
2020-03-26 15:38:56.935  INFO 3346 --- [main] .s.d.r.c.RepositoryConfigurationDelegate : Bootstrapping Spring Data JPA repositories in DEFAULT mode.
2020-03-26 15:38:56.994  INFO 3346 --- [main] .s.d.r.c.RepositoryConfigurationDelegate : Finished Spring Data repository scanning in 28ms. Found 0 JPA repository interfaces.
2020-03-26 15:38:59.175  INFO 3346 --- [main] o.s.b.w.embedded.tomcat.TomcatWebServer  : Tomcat initialized with port(s): 8080 (http)
2020-03-26 15:38:59.203  INFO 3346 --- [main] o.apache.catalina.core.StandardService   : Starting service [Tomcat]
2020-03-26 15:38:59.204  INFO 3346 --- [main] org.apache.catalina.core.StandardEngine  : Starting Servlet engine: [Apache Tomcat/9.0.33]
2020-03-26 15:38:59.514  INFO 3346 --- [main] o.a.c.c.C.[Tomcat].[localhost].[/]       : Initializing Spring embedded WebApplicationContext
2020-03-26 15:38:59.514 DEBUG 3346 --- [main] o.s.web.context.ContextLoader            : Published root WebApplicationContext as ServletContext attribute with name [org.springframework.web.context.WebApplicationContext.ROOT]
2020-03-26 15:38:59.515  INFO 3346 --- [main] o.s.web.context.ContextLoader            : Root WebApplicationContext: initialization completed in 5906 ms
2020-03-26 15:38:59.702  INFO 3346 --- [main] com.zaxxer.hikari.HikariDataSource       : HikariPool-1 - Starting...
2020-03-26 15:39:00.437  INFO 3346 --- [main] com.zaxxer.hikari.HikariDataSource       : HikariPool-1 - Start completed.
2020-03-26 15:39:00.462  INFO 3346 --- [main] o.s.b.a.h2.H2ConsoleAutoConfiguration    : H2 console available at '/h2-console'. Database available at 'jdbc:h2:~/test'
2020-03-26 15:39:05.132  INFO 3346 --- [main] j.LocalContainerEntityManagerFactoryBean : Initialized JPA EntityManagerFactory for persistence unit 'default'
2020-03-26 15:39:05.367  WARN 3346 --- [main] JpaBaseConfiguration$JpaWebConfiguration : spring.jpa.open-in-view is enabled by default. Therefore, database queries may be performed during view rendering. Explicitly configure spring.jpa.open-in-view to disable this warning
2020-03-26 15:39:05.691  INFO 3346 --- [main] o.s.s.concurrent.ThreadPoolTaskExecutor  : Initializing ExecutorService 'applicationTaskExecutor'
2020-03-26 15:39:05.708 DEBUG 3346 --- [main] s.w.s.m.m.a.RequestMappingHandlerAdapter : ControllerAdvice beans: 0 @ModelAttribute, 0 @InitBinder, 1 RequestBodyAdvice, 1 ResponseBodyAdvice
2020-03-26 15:39:05.881 DEBUG 3346 --- [main] s.w.s.m.m.a.RequestMappingHandlerMapping : 6 mappings in 'requestMappingHandlerMapping'
2020-03-26 15:39:05.889  INFO 3346 --- [main] o.s.b.a.w.s.WelcomePageHandlerMapping    : Adding welcome page template: index
2020-03-26 15:39:05.922 DEBUG 3346 --- [main] o.s.w.s.handler.SimpleUrlHandlerMapping  : Patterns [/webjars/**, /**] in 'resourceHandlerMapping'
2020-03-26 15:39:05.936 DEBUG 3346 --- [main] .m.m.a.ExceptionHandlerExceptionResolver : ControllerAdvice beans: 0 @ExceptionHandler, 1 ResponseBodyAdvice
2020-03-26 15:39:06.358  INFO 3346 --- [main] o.s.b.w.embedded.tomcat.TomcatWebServer  : Tomcat started on port(s): 8080 (http) with context path ''
2020-03-26 15:39:06.369  INFO 3346 --- [main] com.example.test.DemoApplication         : Started DemoApplication in 15.565 seconds (JVM running for 18.145)
2020-03-26 17:29:57.733  INFO 4145 --- [main] com.example.test.DemoApplication         : Starting DemoApplication on sslnoiMac-2.local with PID 4145 (/Users/ssl/Desktop/研修（仲村大貴）/test/target/classes started by ssl in /Users/ssl/Desktop/研修（仲村大貴）/test)
2020-03-26 17:29:57.751  INFO 4145 --- [main] com.example.test.DemoApplication         : No active profile set, falling back to default profiles: default
2020-03-26 17:30:00.698  INFO 4145 --- [main] .s.d.r.c.RepositoryConfigurationDelegate : Bootstrapping Spring Data JPA repositories in DEFAULT mode.
2020-03-26 17:30:00.768  INFO 4145 --- [main] .s.d.r.c.RepositoryConfigurationDelegate : Finished Spring Data repository scanning in 32ms. Found 0 JPA repository interfaces.
2020-03-26 17:30:02.349  INFO 4145 --- [main] o.s.b.w.embedded.tomcat.TomcatWebServer  : Tomcat initialized with port(s): 8080 (http)
2020-03-26 17:30:02.369  INFO 4145 --- [main] o.apache.catalina.core.StandardService   : Starting service [Tomcat]
2020-03-26 17:30:02.370  INFO 4145 --- [main] org.apache.catalina.core.StandardEngine  : Starting Servlet engine: [Apache Tomcat/9.0.33]
2020-03-26 17:30:02.521  INFO 4145 --- [main] o.a.c.c.C.[Tomcat].[localhost].[/]       : Initializing Spring embedded WebApplicationContext
2020-03-26 17:30:02.522 DEBUG 4145 --- [main] o.s.web.context.ContextLoader            : Published root WebApplicationContext as ServletContext attribute with name [org.springframework.web.context.WebApplicationContext.ROOT]
2020-03-26 17:30:02.522  INFO 4145 --- [main] o.s.web.context.ContextLoader            : Root WebApplicationContext: initialization completed in 4589 ms
2020-03-26 17:30:02.629  INFO 4145 --- [main] com.zaxxer.hikari.HikariDataSource       : HikariPool-1 - Starting...
